<?xml version="1.0" encoding="UTF-8"?>
<testsuite name="org.borland.core.model.worldcontext.ObjectWorldContextTest" tests="10" skipped="0" failures="0" errors="0" timestamp="2020-02-07T20:18:58" hostname="borland-laptop" time="0.166">
  <properties/>
  <testcase name="addObjectWithExistingId_throwException" classname="org.borland.core.model.worldcontext.ObjectWorldContextTest" time="0.015"/>
  <testcase name="addObjectWithNewId_success" classname="org.borland.core.model.worldcontext.ObjectWorldContextTest" time="0.001"/>
  <testcase name="getObjectWithExistingId_returnsObject" classname="org.borland.core.model.worldcontext.ObjectWorldContextTest" time="0.009"/>
  <testcase name="getObjectWithNewId_returnsEmptyOptional" classname="org.borland.core.model.worldcontext.ObjectWorldContextTest" time="0.001"/>
  <testcase name="iterator_iteratesThroughAllItemsOrdered" classname="org.borland.core.model.worldcontext.ObjectWorldContextTest" time="0.003"/>
  <testcase name="iterator_iteratesWithRightOthers" classname="org.borland.core.model.worldcontext.ObjectWorldContextTest" time="0.035"/>
  <testcase name="removeExistingObject_removeOnlyRequiredObject" classname="org.borland.core.model.worldcontext.ObjectWorldContextTest" time="0.012"/>
  <testcase name="removeExistingObject_success" classname="org.borland.core.model.worldcontext.ObjectWorldContextTest" time="0.001"/>
  <testcase name="removeObjectWithExistingId_success" classname="org.borland.core.model.worldcontext.ObjectWorldContextTest" time="0.006"/>
  <testcase name="removeObjectWithNewId_doNothing" classname="org.borland.core.model.worldcontext.ObjectWorldContextTest" time="0.003"/>
  <system-out><![CDATA[]]></system-out>
  <system-err><![CDATA[]]></system-err>
</testsuite>
