<?xml version="1.0" encoding="UTF-8"?>
<testsuite name="org.borland.core.MainTest" tests="1" skipped="0" failures="0" errors="0" timestamp="2020-02-07T20:18:57" hostname="borland-laptop" time="0.029">
  <properties/>
  <testcase name="tick_shouldApplyBehavior" classname="org.borland.core.MainTest" time="0.029"/>
  <system-out><![CDATA[]]></system-out>
  <system-err><![CDATA[]]></system-err>
</testsuite>
